0000000000000000 0000000000000401 b __fixedpath
0000000000000000 A __start__
0000000000000000 T _start
0000000000000000 b _TLS_MODULE_BASE_
0000000000000080 t startup
00000000000000b0 t bss_loop
0000000000000104 T __nx_exit
0000000000000118 T _init
0000000000000180 0000000000000054 t sulp
00000000000001e0 0000000000000234 T main
0000000000000408 0000000000002000 b tmp_buffer.6421
0000000000000418 t deregister_tm_clones
0000000000000448 t register_tm_clones
0000000000000488 t __do_global_dtors_aux
00000000000004d0 t frame_dummy
0000000000000510 00000000000000d0 T print(char, char, char, char const*, ...)
00000000000005e0 00000000000000d0 T GetAddressSpaceInfo(AddressSpaceInfo*, unsigned int)
00000000000006b0 0000000000000184 T LocateSpaceForMap(unsigned long*, unsigned long)
0000000000000840 00000000000005fc T buildProcess(char const*, char const*)
0000000000000e40 0000000000000398 T randomGet
00000000000011e0 0000000000000020 T randomGet64
0000000000001200 0000000000000094 T mutexLock
00000000000012a0 0000000000000024 T mutexUnlock
00000000000012d0 000000000000004c T rmutexLock
0000000000001320 0000000000000020 T rmutexUnlock
0000000000001340 0000000000000150 t _CacheValues
0000000000001490 000000000000001c T kernelAbove200
00000000000014b0 000000000000001c T kernelAbove300
00000000000014d0 0000000000000030 T detectDebugger
0000000000001500 00000000000002b4 T consoleDrawChar
00000000000017c0 0000000000000164 T consolePrintChar
0000000000001930 000000000000018c t consoleClearLine
0000000000001ac0 00000000000001c4 t newRow
0000000000001c90 00000000000001bc t consoleCls
0000000000001e50 00000000000000f4 T consoleInit
0000000000001f50 0000000000000864 t con_write
0000000000002408 0000000000002000 b tmp_buffer.6445
00000000000027c0 0000000000000034 t ipcCloseObjectById
0000000000002800 0000000000000120 T fsInitialize
0000000000002920 00000000000000a0 T fsExit
00000000000029c0 000000000000013c T fsMountSdcard
0000000000002b00 00000000000000f0 T fsFsCreateFile
0000000000002bf0 00000000000000f0 T fsFsDeleteFile
0000000000002ce0 00000000000000f0 T fsFsCreateDirectory
0000000000002dd0 00000000000000f0 T fsFsDeleteDirectory
0000000000002ec0 0000000000000118 T fsFsRenameFile
0000000000002fe0 0000000000000118 T fsFsRenameDirectory
0000000000003100 0000000000000100 T fsFsGetEntryType
0000000000003200 000000000000015c T fsFsOpenFile
0000000000003360 000000000000015c T fsFsOpenDirectory
00000000000034c0 0000000000000100 T fsFsGetFreeSpace
00000000000035c0 0000000000000100 T fsFsGetTotalSpace
00000000000036c0 000000000000006c T fsFsClose
0000000000003730 0000000000000104 T fsFileRead
0000000000003840 00000000000000f4 T fsFileWrite
0000000000003940 00000000000000c4 T fsFileFlush
0000000000003a10 00000000000000c4 T fsFileSetSize
0000000000003ae0 00000000000000ec T fsFileGetSize
0000000000003bd0 000000000000006c T fsFileClose
0000000000003c40 000000000000006c T fsDirClose
0000000000003cb0 0000000000000110 T fsDirRead
0000000000003dc0 00000000000000bc T fatalSimple
0000000000003e80 0000000000000044 T smAddOverrideHandle
0000000000003ed0 0000000000000064 T smGetServiceOverride
0000000000003f40 0000000000000014 T smHasInitialized
0000000000003f60 0000000000000048 T smExit
0000000000003fb0 0000000000000034 T smEncodeName
0000000000003ff0 000000000000012c T smGetServiceOriginal
0000000000004120 0000000000000160 T smInitialize
0000000000004280 0000000000000074 T smGetService
0000000000004300 0000000000000034 t ipcCloseObjectById
0000000000004340 000000000000012c t _hidGetSharedMemoryHandle.constprop.8
0000000000004470 000000000000013c t _hidCreateAppletResource.constprop.7
00000000000045b0 00000000000001bc T hidReset
0000000000004770 000000000000000c T hidGetSharedmemAddr
0000000000004780 000000000000006c T hidKeysDown
00000000000047f0 000000000000000c T hidTouchCount
0000000000004800 00000000000004a8 T hidScanInput
0000000000004cb0 0000000000000108 T hidSetNpadJoyAssignmentModeDual
0000000000004dc0 0000000000000138 T hidExit
0000000000004f00 00000000000000e4 T hidInitialize
0000000000004ff0 0000000000000034 t ipcCloseObjectById
0000000000005030 0000000000000124 t _appletGetHandle
0000000000005160 00000000000000e0 t _appletGetOperationMode.constprop.13
0000000000005240 00000000000000e0 t _appletGetPerformanceMode.constprop.14
0000000000005320 00000000000000e8 t _appletReceiveMessage
0000000000005410 00000000000000e0 t _appletGetCurrentFocusState.constprop.15
00000000000054f0 00000000000000cc t _appletAcquireForegroundRights
00000000000055c0 00000000000000d4 t _appletSetOperationModeChangedNotification.constprop.16
00000000000056a0 00000000000000cc t _appletSetOutOfFocusSuspendingEnabled
0000000000005770 00000000000000d4 t _appletSetPerformanceModeChangedNotification.constprop.17
0000000000005850 00000000000000d4 t _appletSetFocusHandlingMode
0000000000005930 00000000000000e0 t _appletGetAppletResourceUserId.constprop.11
0000000000005a10 000000000000014c t _appletGetSessionProxy.constprop.10
0000000000005b60 00000000000004b8 T appletExit
0000000000006020 0000000000000028 T appletHook
0000000000006050 0000000000000034 T appletUnhook
0000000000006090 0000000000000028 T appletGetAppletResourceUserId
00000000000060c0 0000000000000120 T appletNotifyRunning
00000000000061e0 0000000000000578 T appletInitialize
0000000000006760 00000000000000e8 T appletCreateManagedDisplayLayer
0000000000006850 000000000000000c T appletGetOperationMode
0000000000006860 000000000000015c T appletMainLoop
00000000000069c0 00000000000000bc t _gfxDequeueBuffer.part.0
0000000000006a80 0000000000000038 t _gfxQueueBuffer.part.1
0000000000006ac0 00000000000000e8 T gfxConfigureCrop
0000000000006bb0 0000000000000014 T gfxConfigureResolution
0000000000006bd0 0000000000000068 t _gfxAutoResolutionAppletHook
0000000000006c40 000000000000011c T gfxConfigureAutoResolution
0000000000006d60 0000000000000194 T gfxExit
0000000000006f00 0000000000000054 T _gfxGraphicBufferInit
0000000000006f60 0000000000000080 T gfxWaitForVsync
0000000000006fe0 00000000000005e8 T gfxInitDefault
00000000000075d0 0000000000000060 T gfxSwapBuffers
0000000000007630 000000000000006c T gfxGetFramebuffer
00000000000076a0 000000000000000c T gfxSetMode
00000000000076b0 0000000000000124 T gfxFlushBuffers
00000000000077e0 000000000000013c t _binderTransactParcel
0000000000007920 00000000000000c8 t ipcQueryPointerBufferSize
00000000000079f0 000000000000029c t _binderTransactParcelAuto
0000000000007c90 0000000000000018 T binderCreateSession
0000000000007cb0 0000000000000014 T binderTransactParcel
0000000000007cd0 00000000000000e4 T binderAdjustRefcount
0000000000007dc0 0000000000000070 T binderExitSession
0000000000007e30 0000000000000134 T binderGetNativeHandle
0000000000007f70 0000000000000144 T binderInitSession
00000000000080c0 0000000000000010 T bufferProducerInitialize
00000000000080d0 000000000000000c T bufferProducerExit
00000000000080e0 0000000000000134 T bufferProducerRequestBuffer
0000000000008220 00000000000001a0 T bufferProducerDequeueBuffer
00000000000083c0 000000000000009c T bufferProducerDetachBuffer
0000000000008460 0000000000000120 T bufferProducerQueueBuffer
0000000000008580 00000000000000dc T bufferProducerQuery
0000000000008660 000000000000012c T bufferProducerConnect
0000000000008790 000000000000009c T bufferProducerDisconnect
0000000000008830 0000000000000110 T bufferProducerGraphicBufferInit
0000000000008940 T armDCacheFlush
0000000000008964 t armDCacheFlush_L0
000000000000897c T svcSetHeapSize
0000000000008990 T svcUnmapMemory
0000000000008998 T svcQueryMemory
00000000000089ac T svcExitProcess
00000000000089b4 T svcSleepThread
00000000000089bc T svcMapSharedMemory
00000000000089c4 T svcUnmapSharedMemory
00000000000089cc T svcCreateTransferMemory
00000000000089e0 T svcCloseHandle
00000000000089e8 T svcResetSignal
00000000000089f0 T svcWaitSynchronization
0000000000008a04 T svcArbitrateLock
0000000000008a0c T svcArbitrateUnlock
0000000000008a14 T svcGetSystemTick
0000000000008a1c T svcConnectToNamedPort
0000000000008a30 T svcSendSyncRequest
0000000000008a38 T svcBreak
0000000000008a40 T svcGetInfo
0000000000008a54 T svcUnmapTransferMemory
0000000000008a5c T svcSetProcessMemoryPermission
0000000000008a64 T svcMapProcessMemory
0000000000008a6c T svcCreateProcess
0000000000008a80 T svcStartProcess
0000000000008a88 T svcCreateResourceLimit
0000000000008a9c T svcSetResourceLimitLimitValue
0000000000008ab0 0000000000000380 T argvSetup
0000000000008e30 00000000000001bc T envSetup
0000000000008ff0 0000000000000020 T envGetMainThreadHandle
0000000000009010 000000000000000c T envIsNso
0000000000009020 0000000000000014 T envHasHeapOverride
0000000000009040 000000000000000c T envGetHeapOverrideAddr
0000000000009050 000000000000000c T envGetHeapOverrideSize
0000000000009060 0000000000000014 T envHasArgv
0000000000009080 000000000000000c T envGetArgv
0000000000009090 000000000000000c T envGetExitFuncPtr
00000000000090a0 00000000000000c8 T nxlinkSetup
0000000000009170 00000000000000dc W __libnx_initheap
0000000000009250 0000000000000074 W __appInit
00000000000092d0 0000000000000024 W __appExit
0000000000009300 0000000000000028 W __libnx_init
0000000000009330 0000000000000020 W __libnx_exit
0000000000009350 00000000000000ac T __nx_dynamic
0000000000009400 0000000000000068 t _GetRegionFromInfo
0000000000009470 00000000000000d4 T virtmemSetup
0000000000009550 000000000000013c T virtmemReserve
0000000000009690 0000000000000004 T virtmemFree
00000000000096a0 000000000000003c T rwlockReadLock
00000000000096e0 0000000000000050 T rwlockReadUnlock
0000000000009730 0000000000000008 T rwlockWriteLock
0000000000009740 0000000000000008 T rwlockWriteUnlock
0000000000009750 0000000000000014 T shmemLoadRemote
0000000000009770 000000000000009c T shmemMap
0000000000009810 0000000000000048 T shmemUnmap
0000000000009860 0000000000000040 T shmemClose
00000000000098a0 0000000000000010 t fsdev_link
00000000000098b0 0000000000000010 t fsdev_dirreset
00000000000098c0 0000000000000010 t fsdev_chmod
00000000000098d0 0000000000000020 t error_cmp
00000000000098f0 0000000000000060 t fsdev_translate_error
0000000000009950 0000000000000040 t fsdev_fsync
0000000000009990 0000000000000064 t fsdev_ftruncate
0000000000009a00 0000000000000020 t fsdev_dirclose
0000000000009a20 00000000000001a8 t fsdev_dirnext
0000000000009bd0 000000000000001c t fsdev_close
0000000000009bf0 0000000000000080 t fsdev_fstat
0000000000009c70 00000000000000b8 t fsdev_seek
0000000000009d30 00000000000001b4 t fsdev_read
0000000000009ef0 00000000000001d0 t fsdev_write
000000000000a0c0 000000000000012c t fsdevFindDevice
000000000000a1f0 0000000000000190 t _fsdevMountDevice
000000000000a380 0000000000000214 t fsdev_getfspath
000000000000a5a0 0000000000000070 t fsdev_rmdir
000000000000a610 00000000000000d8 t fsdev_statvfs
000000000000a6f0 00000000000000c8 t fsdev_diropen
000000000000a7c0 0000000000000070 t fsdev_mkdir
000000000000a830 000000000000013c t fsdev_rename
000000000000a970 00000000000000cc t fsdev_chdir
000000000000aa40 0000000000000070 t fsdev_unlink
000000000000aab0 000000000000017c t fsdev_stat
000000000000ac30 00000000000001b4 t fsdev_open
000000000000adf0 00000000000000b8 t _fsdevUnmountDeviceStruct.part.4
000000000000aeb0 0000000000000010 t fsdev_fchmod
000000000000aec0 0000000000000164 T fsdevMountSdmc
000000000000b030 0000000000000070 T fsdevUnmountAll
000000000000b0a0 0000000000000034 t ipcCloseObjectById
000000000000b0e0 00000000000000d4 t _nvSetClientPID
000000000000b1c0 00000000000000c4 t ipcQueryPointerBufferSize.constprop.6
000000000000b290 00000000000000ec t _nvInitialize.constprop.5
000000000000b380 00000000000000b0 T nvExit
000000000000b430 0000000000000198 T nvInitialize
000000000000b5d0 0000000000000120 T nvConvertError
000000000000b6f0 0000000000000124 T nvOpen
000000000000b820 0000000000000240 T nvIoctl
000000000000ba60 00000000000000d8 T nvClose
000000000000bb40 0000000000000144 T nvQueryEvent
000000000000bc90 0000000000000034 t ipcCloseObjectById
000000000000bcd0 000000000000012c t _apmGetSession.constprop.4
000000000000be00 00000000000000f0 T apmExit
000000000000bef0 00000000000000a4 T apmInitialize
000000000000bfa0 00000000000000cc T apmSetPerformanceConfiguration
000000000000c070 0000000000000034 t ipcCloseObjectById
000000000000c0b0 0000000000000144 t _viGetSession.constprop.6
000000000000c200 0000000000000130 t _viCreatestray_layer.isra.4
000000000000c330 0000000000000138 t _viOpenLayer
000000000000c470 00000000000001d8 T viExit
000000000000c650 000000000000029c T viInitialize
000000000000c8f0 000000000000000c T viGetSession_IHOSBinderDriverRelay
000000000000c900 0000000000000140 T viOpenDisplay
000000000000ca40 00000000000000f4 T viCloseDisplay
000000000000cb40 00000000000000e0 T viOpenLayer
000000000000cc20 0000000000000104 T viCloseLayer
000000000000cd30 00000000000000e4 T viSetLayerScalingMode
000000000000ce20 0000000000000134 T viGetDisplayVsyncEvent
000000000000cf60 0000000000000034 t ipcCloseObjectById
000000000000cfa0 000000000000013c t _timeGetSession
000000000000d0e0 00000000000001f0 T timeExit
000000000000d2d0 00000000000000e0 T timeInitialize
000000000000d3b0 0000000000000128 T timeGetCurrentTime
000000000000d4e0 000000000000003c t nvmapobjClose
000000000000d520 0000000000000070 t nvmapobjInitialize.part.0
000000000000d590 0000000000000074 t nvmapobjSetup.constprop.2
000000000000d610 0000000000000bd4 T nvgfxInitialize
000000000000e1f0 000000000000012c T nvgfxExit
000000000000e320 0000000000000068 T nvgfxEventWait
000000000000e390 0000000000000040 T nvgfxGetFramebuffer
000000000000e3d0 0000000000000028 T parcelInitialize
000000000000e400 00000000000001d0 T parcelTransact
000000000000e5d0 0000000000000088 T parcelWriteData
000000000000e660 000000000000008c T parcelReadData
000000000000e6f0 0000000000000024 T parcelWriteInt32
000000000000e720 0000000000000024 T parcelWriteUInt32
000000000000e750 0000000000000074 T parcelWriteString16
000000000000e7d0 0000000000000030 T parcelWriteInterfaceToken
000000000000e800 0000000000000024 T parcelReadInt32
000000000000e830 000000000000006c T parcelReadFlattenedObject
000000000000e8a0 000000000000004c T parcelWriteFlattenedObject
000000000000e8f0 000000000000003c T nvioctlNvmap_Create
000000000000e930 000000000000003c T nvioctlNvmap_FromId
000000000000e970 0000000000000030 T nvioctlNvmap_Alloc
000000000000e9a0 000000000000003c T nvioctlNvmap_GetId
000000000000e9e0 0000000000000024 T nvioctlNvhostAsGpu_BindChannel
000000000000ea10 0000000000000044 T nvioctlNvhostAsGpu_AllocSpace
000000000000ea60 0000000000000050 T nvioctlNvhostAsGpu_MapBufferEx
000000000000eab0 0000000000000064 T nvioctlNvhostAsGpu_GetVARegions
000000000000eb20 000000000000003c T nvioctlNvhostAsGpu_InitializeEx
000000000000eb60 000000000000003c T nvioctlNvhostCtrlGpu_ZCullGetCtxSize
000000000000eba0 0000000000000054 T nvioctlNvhostCtrlGpu_ZCullGetInfo
000000000000ec00 0000000000000088 T nvioctlNvhostCtrlGpu_GetCharacteristics
000000000000ec90 000000000000005c T nvioctlNvhostCtrlGpu_GetTpcMasks
000000000000ecf0 000000000000003c T nvioctlNvhostCtrlGpu_GetL2State
000000000000ed30 0000000000000040 T nvioctlNvhostCtrl_EventWait
000000000000ed70 0000000000000024 T nvioctlChannel_SetNvmapFd
000000000000eda0 0000000000000030 T nvioctlChannel_AllocObjCtx
000000000000edd0 0000000000000028 T nvioctlChannel_ZCullBind
000000000000ee00 0000000000000028 T nvioctlChannel_SetErrorNotifier
000000000000ee30 0000000000000024 T nvioctlChannel_SetPriority
000000000000ee60 0000000000000054 T nvioctlChannel_AllocGpfifoEx2
000000000000eec0 0000000000000024 T nvioctlChannel_SetUserData
000000000000eef0 0000000000000130 T decode_utf8
000000000000f020 T __aarch64_read_tp
000000000000f030 0000000000000008 t mutexInit
000000000000f040 000000000000000c t rmutexInit
000000000000f050 0000000000000090 T __libnx_gtod
000000000000f0e0 0000000000000034 t __libnx_get_reent
000000000000f120 00000000000000ec T newlibSetup
000000000000f210 000000000000007c T tmemCreate
000000000000f290 0000000000000048 T tmemUnmap
000000000000f2e0 0000000000000064 T tmemClose
000000000000f348 00000000000000c8 T bsearch
000000000000f410 000000000000002c T calloc
000000000000f440 0000000000000090 T _calloc_r
000000000000f4d0 0000000000000014 T __errno
000000000000f4e8 000000000000018c T _fclose_r
000000000000f678 0000000000000024 T fclose
000000000000f6a0 0000000000000278 T __sflush_r
000000000000f918 00000000000000a4 T _fflush_r
000000000000f9c0 0000000000000040 T fflush
000000000000fa00 0000000000000078 t std
000000000000fa78 000000000000000c T _cleanup_r
000000000000fa88 0000000000000060 T __sfmoreglue
000000000000fae8 000000000000000c T __sfp_lock_acquire
000000000000faf8 000000000000000c T __sfp_lock_release
000000000000fb08 000000000000000c T __sinit_lock_acquire
000000000000fb18 000000000000000c T __sinit_lock_release
000000000000fb28 0000000000000080 T __sinit
000000000000fba8 0000000000000128 T __sfp
000000000000fcd0 0000000000000044 T __libc_fini_array
000000000000fd18 0000000000000158 T _fopen_r
000000000000fe70 000000000000002c T fopen
000000000000fea0 00000000000002f0 T _fread_r
0000000000010190 0000000000000044 T fread
00000000000101d8 000000000000011c T _malloc_trim_r
00000000000102f8 0000000000000314 T _free_r
0000000000010610 0000000000000004 T _fseek_r
0000000000010618 000000000000003c T fseek
0000000000010658 0000000000000504 T _fseeko_r
0000000000010b60 0000000000000004 T _ftell_r
0000000000010b68 0000000000000024 T ftell
0000000000010b90 0000000000000170 T _ftello_r
0000000000010d00 00000000000000bc T _fwalk
0000000000010dc0 00000000000000cc T _fwalk_reent
0000000000010e90 0000000000000104 T _fwrite_r
0000000000010f98 0000000000000044 T fwrite
0000000000010fe0 000000000000008c T __libc_init_array
0000000000011070 000000000000002c T __locale_mb_cur_max
00000000000110a0 0000000000000008 T __locale_ctype_ptr_l
00000000000110a8 000000000000002c T __locale_ctype_ptr
00000000000110d8 00000000000000ac T __swhatbuf_r
0000000000011188 0000000000000110 T __smakebuf_r
0000000000011298 000000000000002c T memalign
00000000000112c8 00000000000001ac T _memalign_r
0000000000011478 0000000000000024 T malloc
00000000000114a0 0000000000000024 T free
00000000000114c8 00000000000008b4 T _malloc_r
0000000000011d80 00000000000002d8 T __utf8_mbtowc
0000000000012058 00000000000000d8 T memchr
0000000000012140 000000000000016c T memcpy
00000000000122c0 00000000000001d8 T memset
0000000000012498 000000000000000c T __malloc_lock
00000000000124a8 000000000000000c T __malloc_unlock
00000000000124b8 0000000000000090 T printf
0000000000012548 0000000000000024 t lflush
0000000000012570 00000000000001e8 T __srefill_r
0000000000012758 0000000000000034 T _rewind_r
0000000000012790 0000000000000024 T rewind
00000000000127b8 0000000000000270 T setvbuf
0000000000012a28 00000000000000c8 T sscanf
0000000000012af0 0000000000000050 T __sread
0000000000012b40 0000000000000008 T __seofread
0000000000012b48 0000000000000068 T __swrite
0000000000012bb0 0000000000000054 T __sseek
0000000000012c08 0000000000000008 T __sclose
0000000000012c10 00000000000000dc T strchr
0000000000012d00 00000000000000a4 T strcmp
0000000000012dc0 0000000000000140 T strlen
0000000000012f00 0000000000000088 T strncat
0000000000012fdc 0000000000000108 T strncmp
00000000000130e8 00000000000000b4 T strncpy
00000000000131e4 00000000000000e0 T strnlen
00000000000132a0 00000000000001d8 t _strtol_l.isra.0
0000000000013478 0000000000000058 T _strtol_r
00000000000134d0 00000000000001e0 t _strtoul_l.isra.0
00000000000136b0 0000000000000058 T _strtoul_r
0000000000013708 000000000000005c T strtoul
0000000000013764 000000000000005c t get_arg
00000000000137c0 0000000000002f30 T __ssvfscanf_r
00000000000166f0 000000000000003c T __sprint_r
000000000001672c 0000000000000778 t get_arg
0000000000016ea4 0000000000003bc0 T _vfprintf_r
000000000001aa64 00000000000000f4 t __sbprintf
000000000001ab58 0000000000000050 T _vsprintf_r
000000000001aba8 0000000000000050 T vsprintf
000000000001abf8 00000000000000dc T _wcrtomb_r
000000000001acd8 0000000000000010 T _wcsrtombs_r
000000000001ace8 00000000000000e8 T __utf8_wctomb
000000000001add0 000000000000013c T __swsetup_r
000000000001af10 00000000000001b0 t quorem
000000000001b0c0 00000000000011c4 T _dtoa_r
000000000001c288 00000000000000b0 T __sflags
000000000001c338 00000000000004f4 T __sfvwrite_r
000000000001c830 0000000000000080 T iswspace
000000000001c8b0 000000000000024c t __jp2uc
000000000001cb00 00000000000000d0 T _jp2uc
000000000001cbd0 0000000000000008 T __localeconv_l
000000000001cbd8 0000000000000028 T _localeconv_r
000000000001cc00 00000000000000f4 T _mbrtowc_r
000000000001cd00 00000000000000ac T memmove
000000000001cdb0 00000000000000a4 T _Balloc
000000000001ce58 000000000000001c T _Bfree
000000000001ce78 00000000000000e0 T __multadd
000000000001cf58 0000000000000120 T __s2b
000000000001d078 000000000000005c T __hi0bits
000000000001d0d8 00000000000000a8 T __lo0bits
000000000001d180 000000000000002c T __i2b
000000000001d1b0 00000000000001d8 T __multiply
000000000001d388 0000000000000108 T __pow5mult
000000000001d490 0000000000000144 T __lshift
000000000001d5d8 0000000000000054 T __mcmp
000000000001d630 0000000000000164 T __mdiff
000000000001d798 0000000000000074 T __ulp
000000000001d810 0000000000000154 T __b2d
000000000001d968 000000000000012c T __d2b
000000000001da98 00000000000000a0 T __ratio
000000000001db38 0000000000000068 T __copybits
000000000001dba0 0000000000000088 T __any_on
000000000001dc28 000000000000002c T realloc
000000000001dc58 000000000000055c T _realloc_r
000000000001e1b8 00000000000000b4 T __sccl
000000000001e270 000000000000000c T nanf
000000000001e280 0000000000000094 T frexp
000000000001e318 00000000000000b0 T sprintf
000000000001e3c8 00000000000000c8 T stpncpy
000000000001e490 0000000000001110 T _strtod_l
000000000001f5a0 0000000000000050 T _strtod_r
000000000001f5f0 00000000000001d8 t _strtoll_l.isra.0
000000000001f7c8 0000000000000058 T _strtoll_r
000000000001f820 00000000000001e0 t _strtoull_l.isra.0
000000000001fa00 0000000000000058 T _strtoull_r
000000000001fa58 00000000000001c0 T __ssprint_r
000000000001fc18 00000000000000f4 T _sungetc_r
000000000001fd0c 0000000000000070 T __ssrefill_r
000000000001fd7c 00000000000000cc T _sfread_r
000000000001fe48 0000000000000778 t get_arg
00000000000205c0 0000000000003afc T _svfprintf_r
00000000000240c0 00000000000000d8 T __submore
0000000000024198 00000000000001d4 T _wcsnrtombs_l
0000000000024370 0000000000000074 T _wcsnrtombs_r
00000000000243e8 00000000000000f0 t rshift
00000000000244d8 00000000000007c0 T __gethex
0000000000024c98 0000000000000048 T __match
0000000000024ce0 0000000000000228 T __hexnan
0000000000024f08 0000000000000008 t null_write
0000000000024f10 0000000000000018 T setDefaultDevice
0000000000024f28 0000000000000114 T FindDevice
0000000000025040 0000000000000034 T RemoveDevice
0000000000025078 00000000000000d8 T AddDevice
0000000000025150 00000000000000b8 T _close_r
0000000000025208 0000000000000080 T _fstat_r
0000000000025288 0000000000000008 T _isatty_r
0000000000025290 0000000000000094 T _lseek_r
0000000000025328 00000000000000fc T _open_r
0000000000025428 0000000000000098 T _read_r
00000000000254c0 000000000000007c T _sbrk_r
0000000000025540 0000000000000098 T _write_r
00000000000255d8 000000000000024c T _concatenate_path
0000000000025828 0000000000000198 T chdir
00000000000259c0 000000000000001c T __libc_lock_acquire
00000000000259e0 000000000000001c T __libc_lock_release
0000000000025a00 000000000000001c T __libc_lock_init_recursive
0000000000025a20 000000000000001c T __libc_lock_acquire_recursive
0000000000025a40 000000000000001c T __libc_lock_release_recursive
0000000000025a60 000000000000001c T __libc_lock_close_recursive
0000000000025a80 000000000000003c T __free_handle
0000000000025ac0 000000000000005c T __release_handle
0000000000025b20 00000000000000d8 T __alloc_handle
0000000000025bf8 0000000000000020 T __get_handle
0000000000025c18 0000000000000028 T __getreent
0000000000025c40 0000000000000120 t __extenddftf2
0000000000025d60 000000000000035c t __trunctfdf2
00000000000260c0 0000000000000070 t __sfp_handle_exceptions
0000000000026130 0000000000000100 T strrchr
0000000000026230 T _fini
0000000000027460 0000000000000060 r colorTable
0000000000027578 R default_font_bin
0000000000029578 R default_font_bin_end
0000000000029578 R default_font_bin_size
0000000000029598 0000000000000018 r error_table
0000000000029790 0000000000000022 r basefix.6273
0000000000029948 0000000000000010 r blanks.6247
0000000000029958 0000000000000010 r zeroes.6248
0000000000029968 0000000000000101 R _ctype_
0000000000029ac0 00000000000000bc r a1
0000000000029b80 00000000000000bc r a2
0000000000029c40 000000000000005b r a3
0000000000029ca0 0000000000000070 r a6
0000000000029d10 00000000000000a2 r a7
0000000000029db8 0000000000000040 r a8
0000000000029df8 000000000000172a r b02cf
000000000002b528 0000000000001a7c r d02f4
000000000002cfa8 0000000000000028 R __mprec_bigtens
000000000002cfd0 00000000000000c8 R __mprec_tens
000000000002d098 000000000000000c r p05.5022
000000000002d0e8 0000000000000014 r fpi.5102
000000000002d100 0000000000000014 r fpinan.5138
000000000002d118 0000000000000028 r tinytens
000000000002d140 000000000000006c R __action_table
000000000002d1b0 0000000000000100 R __chclass
000000000002d2b0 000000000000006c R __state_table
000000000002d468 0000000000000010 r blanks.6232
000000000002d478 0000000000000010 r zeroes.6233
000000000002d488 0000000000000100 R __hexdig
000000000002d590 0000000000000003 R DIRECTORY_PARENT
000000000002d5a0 r __EH_FRAME_BEGIN__
000000000002d7d4 r __FRAME_END__
000000000002d7d8 a _DYNAMIC
0000000000031000 t __frame_dummy_init_array_entry
0000000000031000 T __init_array_start
0000000000031000 B __preinit_array_end
0000000000031000 B __preinit_array_start
0000000000031000 D __tdata_lma
0000000000031000 D __tdata_lma_end
0000000000031008 t __do_global_dtors_aux_fini_array_entry
0000000000031008 T __fini_array_start
0000000000031008 T __init_array_end
0000000000031010 T __fini_array_end
0000000000031010 T __got_start__
0000000000031010 a _GLOBAL_OFFSET_TABLE_
0000000000031288 D __got_end__
0000000000031288 0000000000000008 D load_base
0000000000031290 0000000000000004 D rreor
0000000000031298 00000000000000a0 D errorTexts
0000000000031338 0000000000000001 d firstConsoleInit.5635
0000000000031340 0000000000000008 D currentConsole
0000000000031348 0000000000000068 D defaultConsole
00000000000313b0 00000000000000d0 d dotab_stdout
0000000000031480 0000000000000001 V __nx_applet_auto_notifyrunning
0000000000031484 0000000000000004 V __nx_applet_type
0000000000031488 0000000000000004 d g_gfxMode
0000000000031490 0000000000000054 d g_gfxQueueBufferData
00000000000314e8 000000000000016c d g_gfx_BufferInitData
0000000000031654 0000000000000001 D g_gfx_drawflip
0000000000031658 0000000000000023 d g_bufferProducer_InterfaceDescriptor
0000000000031680 0000000000000401 d __cwd
0000000000031a84 0000000000000004 d fsdev_fsdevice_cwd
0000000000031a88 0000000000000004 d fsdev_fsdevice_default
0000000000031a90 00000000000000d0 d fsdev_devoptab
0000000000031b60 0000000000000004 d g_nvServiceType
0000000000031b64 0000000000000004 d g_viServiceType
0000000000031b68 0000000000000004 V __nx_time_type
0000000000031b70 0000000000000008 D _impure_ptr
0000000000031b78 0000000000000768 d impure_data
00000000000322e0 0000000000000008 D _global_impure_ptr
00000000000322e8 00000000000001a8 D __global_locale
0000000000032490 0000000000000008 D __malloc_sbrk_base
0000000000032498 0000000000000008 D __malloc_trim_threshold
00000000000324a0 0000000000000810 D __malloc_av_
0000000000032cb0 0000000000000004 d defaultDevice
0000000000032cb8 0000000000000080 D devoptab_list
0000000000032d38 00000000000000d0 D dotab_stdnull
0000000000032e08 0000000000000400 d _current_working_directory
0000000000033208 0000000000000010 d __stderr_handle
0000000000033218 0000000000000010 d __stdin_handle
0000000000033228 0000000000000010 d __stdout_handle
0000000000033238 0000000000002000 d handles
0000000000035238 D __bss_start__
0000000000035238 D __TMC_END__
0000000000035238 b completed.5082
0000000000035240 b object.5087
0000000000035270 0000000000000008 b nro
0000000000035278 0000000000000004 B errno2
000000000003527c 0000000000000004 B menu
0000000000035280 000000000000000c B komodo
0000000000035290 0000000000000040 b g_chacha
00000000000352d0 0000000000000001 b g_randInit
00000000000352d4 0000000000000004 b g_randMutex
00000000000352d8 0000000000000001 b g_HasCached
00000000000352d9 0000000000000001 b g_IsAbove200
00000000000352da 0000000000000001 b g_IsAbove300
00000000000352db 0000000000000001 b g_IsAbove400
00000000000352dc 0000000000000001 b g_IsAbove500
00000000000352e0 0000000000000004 b g_Mutex
00000000000352e8 000000000000000c b g_fsSrv
00000000000352f8 0000000000000008 b g_refCnt
0000000000035300 0000000000000008 b g_refCnt
0000000000035308 0000000000000004 b g_smHandle
0000000000035310 0000000000000200 b g_smOverrides
0000000000035510 0000000000000008 b g_smOverridesNum
0000000000035518 0000000000000050 b g_controllerDown
0000000000035568 00000000000001e0 b g_controllerEntries
0000000000035748 0000000000000190 b g_controllerHeaders
00000000000358d8 0000000000000050 b g_controllerHeld
0000000000035928 0000000000000028 b g_controllerLayout
0000000000035950 0000000000000050 b g_controllerOld
00000000000359a0 0000000000000004 b g_controllerP1AutoID
00000000000359a8 0000000000000050 b g_controllerTimestamps
00000000000359f8 0000000000000050 b g_controllerUp
0000000000035a48 000000000000000c b g_hidIAppletResource
0000000000035a58 0000000000000020 b g_hidLock
0000000000035a78 0000000000000020 b g_hidSharedmem
0000000000035a98 000000000000000c b g_hidSrv
0000000000035aa8 0000000000000020 b g_keyboardDown
0000000000035ac8 0000000000000038 b g_keyboardEntry
0000000000035b00 0000000000000020 b g_keyboardHeld
0000000000035b20 0000000000000008 b g_keyboardModDown
0000000000035b28 0000000000000008 b g_keyboardModHeld
0000000000035b30 0000000000000008 b g_keyboardModOld
0000000000035b38 0000000000000008 b g_keyboardModUp
0000000000035b40 0000000000000020 b g_keyboardOld
0000000000035b60 0000000000000008 b g_keyboardTimestamp
0000000000035b68 0000000000000020 b g_keyboardUp
0000000000035b88 0000000000000008 b g_mouseDown
0000000000035b90 0000000000000030 b g_mouseEntry
0000000000035bc0 0000000000000008 b g_mouseHeld
0000000000035bc8 0000000000000008 b g_mouseOld
0000000000035bd0 0000000000000008 b g_mouseTimestamp
0000000000035bd8 0000000000000008 b g_mouseUp
0000000000035be0 0000000000000008 b g_refCnt
0000000000035be8 0000000000000298 b g_touchEntry
0000000000035e80 0000000000000008 b g_touchTimestamp
0000000000035e88 0000000000000008 V __nx_applet_PerformanceConfiguration
0000000000035e90 0000000000000018 b g_appletFirstHook
0000000000035ea8 0000000000000001 b g_appletFocusState
0000000000035eb0 000000000000000c b g_appletIAudioController
0000000000035ec0 000000000000000c b g_appletICommonStateGetter
0000000000035ed0 000000000000000c b g_appletIDebugFunctions
0000000000035ee0 000000000000000c b g_appletIDisplayController
0000000000035ef0 000000000000000c b g_appletIFunctions
0000000000035f00 000000000000000c b g_appletILibraryAppletCreator
0000000000035f10 000000000000000c b g_appletILibraryAppletSelfAccessor
0000000000035f20 000000000000000c b g_appletIProcessWindingController
0000000000035f30 000000000000000c b g_appletISelfController
0000000000035f40 000000000000000c b g_appletIWindowController
0000000000035f4c 0000000000000004 b g_appletMessageEventHandle
0000000000035f50 0000000000000001 b g_appletNotifiedRunning
0000000000035f51 0000000000000001 b g_appletOperationMode
0000000000035f54 0000000000000004 b g_appletPerformanceMode
0000000000035f58 000000000000000c b g_appletProxySession
0000000000035f68 0000000000000008 b g_appletResourceUserId
0000000000035f70 000000000000000c b g_appletSrv
0000000000035f80 0000000000000008 b g_refCnt
0000000000035f88 0000000000000020 b g_gfxBinderSession
0000000000035fa8 0000000000000004 b g_gfxCurrentBuffer
0000000000035fac 0000000000000004 b g_gfxCurrentProducerBuffer
0000000000035fb0 0000000000000050 b g_gfxDisplay
0000000000036000 0000000000000004 b g_gfxDisplayVsyncEvent
0000000000036008 0000000000000008 b g_gfxFramebuf
0000000000036010 0000000000000008 b g_gfxFramebufLinear
0000000000036018 0000000000000008 b g_gfxFramebufSize
0000000000036020 0000000000000001 b g_gfxInitialized
0000000000036028 0000000000000010 b g_gfxLayer
0000000000036038 0000000000000100 b g_gfxNativeWindow
0000000000036138 0000000000000004 b g_gfxNativeWindow_ID
0000000000036140 0000000000000008 b g_gfxNativeWindow_Size
0000000000036148 0000000000000010 b g_gfx_Connect_QueueBufferOutput
0000000000036158 0000000000000024 b g_gfx_DequeueBuffer_fence
000000000003617c 0000000000000001 b g_gfx_ProducerConnected
0000000000036180 0000000000000002 b g_gfx_ProducerSlotsRequested
0000000000036188 0000000000000010 b g_gfx_QueueBuffer_QueueBufferOutput
0000000000036198 0000000000000018 b g_gfx_autoresolution_applethookcookie
00000000000361b0 0000000000000004 b g_gfx_autoresolution_docked_height
00000000000361b4 0000000000000004 b g_gfx_autoresolution_docked_width
00000000000361b8 0000000000000001 b g_gfx_autoresolution_enabled
00000000000361bc 0000000000000004 b g_gfx_autoresolution_handheld_height
00000000000361c0 0000000000000004 b g_gfx_autoresolution_handheld_width
00000000000361c8 0000000000000008 B g_gfx_framebuf_aligned_height
00000000000361d0 0000000000000008 B g_gfx_framebuf_aligned_width
00000000000361d8 0000000000000008 B g_gfx_framebuf_display_height
00000000000361e0 0000000000000008 B g_gfx_framebuf_display_width
00000000000361e8 0000000000000008 B g_gfx_framebuf_height
00000000000361f0 0000000000000008 B g_gfx_framebuf_width
00000000000361f8 0000000000000008 B g_gfx_singleframebuf_linear_size
0000000000036200 0000000000000008 B g_gfx_singleframebuf_size
0000000000036208 0000000000000008 b g_bufferProducerBinderSession
0000000000036210 0000000000000008 b g_argv_empty
0000000000036218 0000000000000001 b g_isNso
000000000003621c 0000000000000004 b g_lastLoadResult
0000000000036220 0000000000000008 b g_loaderRetAddr
0000000000036228 0000000000000004 b g_mainThreadHandle
0000000000036230 0000000000000008 b g_nextLoadArgv
0000000000036238 0000000000000008 b g_nextLoadPath
0000000000036240 0000000000000008 b g_overrideArgv
0000000000036248 0000000000000008 b g_overrideHeapAddr
0000000000036250 0000000000000008 b g_overrideHeapSize
0000000000036258 0000000000000004 b g_processHandle
0000000000036260 0000000000000010 b g_syscallHints
0000000000036270 0000000000000008 V __nx_heap_size
0000000000036278 0000000000000010 b g_AddressSpace
0000000000036288 0000000000000008 b g_CurrentAddr
0000000000036290 0000000000000030 b g_Region
00000000000362c0 0000000000000004 b g_VirtMemMutex
00000000000362c8 0000000000002100 b fsdev_fsdevices
00000000000383c8 0000000000000001 b fsdev_initialised
00000000000383d0 0000000000000008 b g_nvIpcBufferSize
00000000000383d8 000000000000000c b g_nvSrv
00000000000383e8 0000000000000028 b g_nvTransfermem
0000000000038410 000000000000000c b g_apmISession
0000000000038420 000000000000000c b g_apmSrv
0000000000038430 0000000000000008 b g_refCnt
0000000000038438 000000000000000c b g_viIApplicationDisplayService
0000000000038448 000000000000000c b g_viIHOSBinderDriverIndirect
0000000000038458 000000000000000c b g_viIHOSBinderDriverRelay
0000000000038468 000000000000000c b g_viIManagerDisplayService
0000000000038478 000000000000000c b g_viISystemDisplayService
0000000000038488 000000000000000c b g_viSrv
0000000000038498 0000000000000008 b g_refCnt
00000000000384a0 000000000000000c b g_timeLocalSystemClock
00000000000384b0 000000000000000c b g_timeNetworkSystemClock
00000000000384c0 000000000000000c b g_timeSrv
00000000000384d0 000000000000000c b g_timeTimeZoneService
00000000000384e0 000000000000000c b g_timeUserSystemClock
00000000000384ec 0000000000000001 b g_nvgfxInitialized
00000000000384f0 0000000000000004 b g_nvgfx_fd_nvhostasgpu
00000000000384f4 0000000000000004 b g_nvgfx_fd_nvhostctrl
00000000000384f8 0000000000000004 b g_nvgfx_fd_nvhostctrlgpu
00000000000384fc 0000000000000004 b g_nvgfx_fd_nvhostgpu
0000000000038500 0000000000000004 b g_nvgfx_fd_nvmap
0000000000038508 0000000000000008 b g_nvgfx_gpfifo_pos
0000000000038510 00000000000000a0 b g_nvgfx_gpu_characteristics
00000000000385b0 0000000000000008 b g_nvgfx_l2state
00000000000385b8 0000000000000008 b g_nvgfx_nvhost_fence
00000000000385c0 0000000000000008 b g_nvgfx_nvhost_userdata
00000000000385c8 0000000000000008 b g_nvgfx_nvhost_userdata_size
00000000000385d0 0000000000000008 b g_nvgfx_nvhostasgpu_allocspace_offset
00000000000385d8 0000000000000030 b g_nvgfx_nvhostasgpu_varegions
0000000000038608 0000000000000004 b g_nvgfx_nvhostctrl_eventhandle
000000000003860c 0000000000000004 b g_nvgfx_nvhostctrl_eventres
0000000000038610 0000000000000004 b g_nvgfx_nvhostctrlgpu_event2
0000000000038614 0000000000000004 b g_nvgfx_nvhostgpu_event3
0000000000038618 0000000000000004 B g_nvgfx_totalframebufs
0000000000038620 0000000000000018 b g_nvgfx_tpcmasks
0000000000038638 0000000000000004 b g_nvgfx_zcullctxsize
0000000000038640 0000000000000028 b g_nvgfx_zcullinfo
0000000000038668 0000000000000008 b nvmap_obj3_mapbuffer_x0_offset
0000000000038670 0000000000000008 b nvmap_obj4_mapbuffer_x0_offset
0000000000038678 0000000000000008 b nvmap_obj6_mapbuffer_xdb_offset
0000000000038680 00000000000001b0 b nvmap_objs
0000000000038830 000000000000000c b __sfp_recursive_mutex
0000000000038840 000000000000000c b __sinit_recursive_mutex
0000000000038850 0000000000000028 B __malloc_current_mallinfo
0000000000038878 0000000000000008 B __malloc_max_sbrked_mem
0000000000038880 0000000000000008 B __malloc_max_total_mem
0000000000038888 0000000000000008 B __malloc_top_pad
0000000000038890 000000000000000c b __malloc_recursive_mutex
00000000000388a0 0000000000000008 b heap_start.4990
00000000000388a8 0000000000000008 B fake_heap_end
00000000000388b0 0000000000000008 B fake_heap_start
00000000000388b8 0000000000000400 b temp_cwd
0000000000038cb8 0000000000000088 B __syscalls
0000000000038d40 0000000000000004 b __hndl_lock
0000000000038d48 0000000000000068 B currentCopy
0000000000038db0 0000000000000008 B __system_argv
0000000000038db8 0000000000000004 B __system_argc
0000000000038dc0 0000000000000004 B __nxlink_host
0000000000038dc8 0000000000000008 B __stack_top
0000000000038dd0 0000000000000008 B g_nvgfx_nvhostgpu_gpfifo_fence
0000000000038dd8 B __tls_start
000000000003d1e0 B __bss_end__
000000000003d1e0 A __end__
000000000003d1e0 B __tls_end
000000000003e000 A __argdata__
