0000000000000000 A __start__
0000000000000000 T _start
0000000000000000 b _TLS_MODULE_BASE_
0000000000000000 0000000000000004 b g_sfdnsresResult
0000000000000004 0000000000000004 B g_bsdErrno
0000000000000008 0000000000000004 B g_bsdResult
0000000000000010 0000000000000401 b __fixedpath
0000000000000080 t startup
00000000000000b0 t bss_loop
0000000000000104 T __nx_exit
0000000000000118 T _init
0000000000000180 0000000000000054 t sulp
00000000000001d8 0000000000000038 T exit
0000000000000210 00000000000002cc T main
0000000000000418 0000000000002000 b tmp_buffer.6421
00000000000004e0 t deregister_tm_clones
0000000000000510 t register_tm_clones
0000000000000550 t __do_global_dtors_aux
0000000000000598 t frame_dummy
00000000000005d0 0000000000000054 t clear() [clone .part.0]
0000000000000630 00000000000000ec T print(char, char, char, char const*, ...)
0000000000000720 00000000000000c4 T fprint(char const*, ...)
00000000000007f0 0000000000000078 T tcpRead(void*, unsigned long)
0000000000000870 0000000000000078 T tcpWrite(void const*, unsigned long)
00000000000008f0 0000000000000080 T connRead(void*, unsigned long)
0000000000000970 0000000000000080 T connWrite(void const*, unsigned long)
00000000000009f0 0000000000000038 T sendResponse(DebuggerResponse)
0000000000000a30 00000000000003ac T handleCommand()
0000000000000de0 000000000000038c T run_thread(void*)
0000000000001170 0000000000000048 t _EntryWrap
00000000000011c0 000000000000021c T threadCreate
00000000000013e0 0000000000000008 T threadStart
00000000000013f0 000000000000002c T threadWaitForExit
0000000000001420 0000000000000068 t _GetRegionFromInfo
0000000000001490 00000000000000d4 T virtmemSetup
0000000000001570 000000000000013c T virtmemReserve
00000000000016b0 0000000000000004 T virtmemFree
00000000000016c0 00000000000000f4 T virtmemReserveMap
00000000000017c0 0000000000000004 T virtmemFreeMap
00000000000017d0 0000000000000094 T mutexLock
0000000000001870 0000000000000024 T mutexUnlock
00000000000018a0 000000000000004c T rmutexLock
00000000000018f0 0000000000000020 T rmutexUnlock
0000000000001910 0000000000000150 t _CacheValues
0000000000001a60 000000000000001c T kernelAbove200
0000000000001a80 000000000000001c T kernelAbove300
0000000000001aa0 0000000000000030 T detectDebugger
0000000000001ad0 00000000000000b0 t _usbCommsInterfaceExit
0000000000001b80 000000000000021c t _usbCommsRead.isra.0
0000000000001da0 00000000000001f0 t _usbCommsWrite.isra.1
0000000000001f90 0000000000000060 T usbCommsExit
0000000000001ff0 00000000000002f0 T usbCommsInitializeEx
00000000000022e0 0000000000000084 T usbCommsExitEx
0000000000002370 0000000000000140 T usbCommsReadEx
0000000000002418 0000000000002000 b tmp_buffer.6445
00000000000024b0 0000000000000140 T usbCommsWriteEx
00000000000025f0 00000000000002b4 T consoleDrawChar
00000000000028b0 0000000000000164 T consolePrintChar
0000000000002a20 000000000000018c t consoleClearLine
0000000000002bb0 00000000000001c4 t newRow
0000000000002d80 00000000000001bc t consoleCls
0000000000002f40 00000000000000f4 T consoleInit
0000000000003040 0000000000000864 t con_write
00000000000038b0 00000000000000a0 t _socketParseBsdResult.part.0
0000000000003950 0000000000000058 t _socketRead
00000000000039b0 0000000000000058 t _socketWrite
0000000000003a10 0000000000000040 t _socketClose
0000000000003a50 0000000000000088 t _socketOpen
0000000000003ae0 0000000000000080 t _socketGetFd
0000000000003b60 000000000000000c T socketGetDefaultInitConfig
0000000000003b70 000000000000001c T socketExit
0000000000003b90 0000000000000124 T socketInitialize
0000000000003cc0 00000000000000b0 T socket
0000000000003d70 0000000000000070 T recv
0000000000003de0 0000000000000070 T send
0000000000003e50 00000000000000c4 T accept
0000000000003f20 0000000000000060 T bind
0000000000003f80 0000000000000058 T listen
0000000000003fe0 0000000000000034 t ipcCloseObjectById
0000000000004020 000000000000003c T pmdmntInitialize
0000000000004060 00000000000000a0 T pmdmntExit
0000000000004100 00000000000000cc T pmdmntStartProcess
00000000000041d0 00000000000000e8 T pmdmntGetTitlePid
00000000000042c0 00000000000000e8 T pmdmntGetApplicationPid
00000000000043b0 000000000000012c T pmdmntEnableDebugForApplication
00000000000044e0 0000000000000120 t _bsdRegisterClient.isra.5.constprop.11
0000000000004600 0000000000000034 t ipcCloseObjectById
0000000000004640 0000000000000310 t _bsdDispatchBasicCommand.isra.6
0000000000004950 0000000000000044 t _bsdSocketCreationCommand
00000000000049a0 0000000000000044 t _bsdDispatchCommandWithOutAddrlen.isra.7
00000000000049f0 00000000000000cc t _bsdNameGetterCommand
0000000000004ac0 00000000000000c4 t ipcQueryPointerBufferSize.constprop.10
0000000000004b90 00000000000000f4 t _bsdStartMonitor.constprop.9
0000000000004c90 00000000000000f0 T bsdExit
0000000000004d80 000000000000016c T bsdInitialize
0000000000004ef0 0000000000000014 T bsdSocket
0000000000004f10 00000000000000c8 T bsdOpen
0000000000004fe0 00000000000000cc T bsdRecv
00000000000050b0 00000000000000c0 T bsdSend
0000000000005170 0000000000000014 T bsdAccept
0000000000005190 00000000000000a8 T bsdBind
0000000000005240 0000000000000040 T bsdListen
0000000000005280 00000000000000c0 T bsdWrite
0000000000005340 00000000000000cc T bsdRead
0000000000005410 0000000000000040 T bsdClose
0000000000005450 00000000000000bc T fatalSimple
0000000000005510 0000000000000044 T smAddOverrideHandle
0000000000005560 0000000000000064 T smGetServiceOverride
00000000000055d0 0000000000000014 T smHasInitialized
00000000000055f0 0000000000000048 T smExit
0000000000005640 0000000000000034 T smEncodeName
0000000000005680 000000000000012c T smGetServiceOriginal
00000000000057b0 0000000000000160 T smInitialize
0000000000005910 0000000000000074 T smGetService
0000000000005990 000000000000022c t _usbDsGetSession
0000000000005bc0 0000000000000034 t ipcCloseObjectById
0000000000005c00 0000000000000094 t _usbDsFreeEndpoint.part.6
0000000000005ca0 00000000000000c4 t _usbDsFreeInterface.part.7
0000000000005d70 00000000000000c4 t _usbDsCmdNoParams
0000000000005e40 0000000000000124 t _usbDsGetEvent
0000000000005f70 00000000000000f8 t _usbDsGetReport
0000000000006070 00000000000000cc t _usbDsBindDevice
0000000000006140 00000000000000e0 t _usbDsBindClientProcess.constprop.12
0000000000006220 00000000000000fc t _usbDsSetVidPidBcd
0000000000006320 0000000000000124 t _usbDsPostBuffer
0000000000006450 000000000000014c T usbDsInitialize
00000000000065a0 000000000000015c T usbDsExit
0000000000006700 00000000000000ec T usbDsGetState
00000000000067f0 000000000000009c T usbDsWaitReady
0000000000006890 00000000000000c0 T usbDsParseReportData
0000000000006950 00000000000001ac T usbDsGetDsInterface
0000000000006b00 0000000000000014 T usbDsInterface_Close
0000000000006b20 0000000000000178 T usbDsInterface_GetDsEndpoint
0000000000006ca0 0000000000000020 T usbDsInterface_EnableInterface
0000000000006cc0 0000000000000020 T usbDsInterface_DisableInterface
0000000000006ce0 0000000000000014 T usbDsEndpoint_Close
0000000000006d00 0000000000000028 T usbDsEndpoint_PostBufferAsync
0000000000006d30 0000000000000020 T usbDsEndpoint_GetReportData
0000000000006d50 0000000000000034 t ipcCloseObjectById
0000000000006d90 000000000000012c t _hidGetSharedMemoryHandle.constprop.8
0000000000006ec0 000000000000013c t _hidCreateAppletResource.constprop.7
0000000000007000 00000000000001bc T hidReset
00000000000071c0 000000000000000c T hidGetSharedmemAddr
00000000000071d0 000000000000006c T hidKeysDown
0000000000007240 000000000000000c T hidTouchCount
0000000000007250 00000000000004a8 T hidScanInput
0000000000007700 0000000000000108 T hidSetNpadJoyAssignmentModeDual
0000000000007810 0000000000000138 T hidExit
0000000000007950 00000000000000e4 T hidInitialize
0000000000007a40 0000000000000034 t ipcCloseObjectById
0000000000007a80 0000000000000124 t _appletGetHandle
0000000000007bb0 00000000000000e0 t _appletGetOperationMode.constprop.13
0000000000007c90 00000000000000e0 t _appletGetPerformanceMode.constprop.14
0000000000007d70 00000000000000e8 t _appletReceiveMessage
0000000000007e60 00000000000000e0 t _appletGetCurrentFocusState.constprop.15
0000000000007f40 00000000000000cc t _appletAcquireForegroundRights
0000000000008010 00000000000000d4 t _appletSetOperationModeChangedNotification.constprop.16
00000000000080f0 00000000000000cc t _appletSetOutOfFocusSuspendingEnabled
00000000000081c0 00000000000000d4 t _appletSetPerformanceModeChangedNotification.constprop.17
00000000000082a0 00000000000000d4 t _appletSetFocusHandlingMode
0000000000008380 00000000000000e0 t _appletGetAppletResourceUserId.constprop.11
0000000000008460 000000000000014c t _appletGetSessionProxy.constprop.10
00000000000085b0 00000000000004b8 T appletExit
0000000000008a70 0000000000000028 T appletHook
0000000000008aa0 0000000000000034 T appletUnhook
0000000000008ae0 0000000000000028 T appletGetAppletResourceUserId
0000000000008b10 0000000000000120 T appletNotifyRunning
0000000000008c30 0000000000000578 T appletInitialize
00000000000091b0 00000000000000e8 T appletCreateManagedDisplayLayer
00000000000092a0 000000000000000c T appletGetOperationMode
00000000000092b0 000000000000015c T appletMainLoop
0000000000009410 00000000000000bc t _gfxDequeueBuffer.part.0
00000000000094d0 0000000000000038 t _gfxQueueBuffer.part.1
0000000000009510 00000000000000e8 T gfxConfigureCrop
0000000000009600 0000000000000014 T gfxConfigureResolution
0000000000009620 0000000000000068 t _gfxAutoResolutionAppletHook
0000000000009690 000000000000011c T gfxConfigureAutoResolution
00000000000097b0 0000000000000194 T gfxExit
0000000000009950 0000000000000054 T _gfxGraphicBufferInit
00000000000099b0 0000000000000080 T gfxWaitForVsync
0000000000009a30 00000000000005e8 T gfxInitDefault
000000000000a020 0000000000000060 T gfxSwapBuffers
000000000000a080 000000000000006c T gfxGetFramebuffer
000000000000a0f0 000000000000000c T gfxSetMode
000000000000a100 0000000000000124 T gfxFlushBuffers
000000000000a230 000000000000013c t _binderTransactParcel
000000000000a370 00000000000000c8 t ipcQueryPointerBufferSize
000000000000a440 000000000000029c t _binderTransactParcelAuto
000000000000a6e0 0000000000000018 T binderCreateSession
000000000000a700 0000000000000014 T binderTransactParcel
000000000000a720 00000000000000e4 T binderAdjustRefcount
000000000000a810 0000000000000070 T binderExitSession
000000000000a880 0000000000000134 T binderGetNativeHandle
000000000000a9c0 0000000000000144 T binderInitSession
000000000000ab10 0000000000000010 T bufferProducerInitialize
000000000000ab20 000000000000000c T bufferProducerExit
000000000000ab30 0000000000000134 T bufferProducerRequestBuffer
000000000000ac70 00000000000001a0 T bufferProducerDequeueBuffer
000000000000ae10 000000000000009c T bufferProducerDetachBuffer
000000000000aeb0 0000000000000120 T bufferProducerQueueBuffer
000000000000afd0 00000000000000dc T bufferProducerQuery
000000000000b0b0 000000000000012c T bufferProducerConnect
000000000000b1e0 000000000000009c T bufferProducerDisconnect
000000000000b280 0000000000000110 T bufferProducerGraphicBufferInit
000000000000b390 T armDCacheFlush
000000000000b3b4 t armDCacheFlush_L0
000000000000b3cc T __aarch64_read_tp
000000000000b3d8 T svcSetHeapSize
000000000000b3ec T svcMapMemory
000000000000b3f4 T svcUnmapMemory
000000000000b3fc T svcQueryMemory
000000000000b410 T svcExitProcess
000000000000b418 T svcCreateThread
000000000000b42c T svcStartThread
000000000000b434 T svcExitThread
000000000000b43c T svcSleepThread
000000000000b444 T svcClearEvent
000000000000b44c T svcMapSharedMemory
000000000000b454 T svcUnmapSharedMemory
000000000000b45c T svcCreateTransferMemory
000000000000b470 T svcCloseHandle
000000000000b478 T svcResetSignal
000000000000b480 T svcWaitSynchronization
000000000000b494 T svcArbitrateLock
000000000000b49c T svcArbitrateUnlock
000000000000b4a4 T svcGetSystemTick
000000000000b4ac T svcConnectToNamedPort
000000000000b4c0 T svcSendSyncRequest
000000000000b4c8 T svcBreak
000000000000b4d0 T svcGetInfo
000000000000b4e4 T svcUnmapTransferMemory
000000000000b4ec T svcDebugActiveProcess
000000000000b500 T svcBreakDebugProcess
000000000000b508 T svcGetDebugEvent
000000000000b510 T svcContinueDebugEvent
000000000000b518 T svcGetProcessList
000000000000b52c T svcGetDebugThreadContext
000000000000b534 T svcQueryDebugProcessMemory
000000000000b548 T svcReadDebugProcessMemory
000000000000b550 T svcWriteDebugProcessMemory
000000000000b560 0000000000000380 T argvSetup
000000000000b8e0 00000000000001bc T envSetup
000000000000baa0 0000000000000020 T envGetMainThreadHandle
000000000000bac0 000000000000000c T envIsNso
000000000000bad0 0000000000000014 T envHasHeapOverride
000000000000baf0 000000000000000c T envGetHeapOverrideAddr
000000000000bb00 000000000000000c T envGetHeapOverrideSize
000000000000bb10 0000000000000014 T envHasArgv
000000000000bb30 000000000000000c T envGetArgv
000000000000bb40 000000000000000c T envGetExitFuncPtr
000000000000bb50 00000000000000c8 T nxlinkSetup
000000000000bc20 00000000000000dc W __libnx_initheap
000000000000bd00 0000000000000074 W __appInit
000000000000bd80 0000000000000024 W __appExit
000000000000bdb0 0000000000000028 W __libnx_init
000000000000bde0 0000000000000020 W __libnx_exit
000000000000be00 00000000000000ac T __nx_dynamic
000000000000beb0 000000000000007c T tmemCreate
000000000000bf30 0000000000000048 T tmemUnmap
000000000000bf80 0000000000000064 T tmemClose
000000000000bff0 000000000000003c T rwlockReadLock
000000000000c030 0000000000000050 T rwlockReadUnlock
000000000000c080 0000000000000008 T rwlockWriteLock
000000000000c090 0000000000000008 T rwlockWriteUnlock
000000000000c0a0 0000000000000014 T shmemLoadRemote
000000000000c0c0 000000000000009c T shmemMap
000000000000c160 0000000000000048 T shmemUnmap
000000000000c1b0 0000000000000040 T shmemClose
000000000000c1f0 0000000000000010 t fsdev_link
000000000000c200 0000000000000010 t fsdev_dirreset
000000000000c210 0000000000000010 t fsdev_chmod
000000000000c220 0000000000000020 t error_cmp
000000000000c240 0000000000000060 t fsdev_translate_error
000000000000c2a0 0000000000000040 t fsdev_fsync
000000000000c2e0 0000000000000064 t fsdev_ftruncate
000000000000c350 0000000000000020 t fsdev_dirclose
000000000000c370 00000000000001a8 t fsdev_dirnext
000000000000c520 000000000000001c t fsdev_close
000000000000c540 0000000000000080 t fsdev_fstat
000000000000c5c0 00000000000000b8 t fsdev_seek
000000000000c680 00000000000001b4 t fsdev_read
000000000000c840 00000000000001d0 t fsdev_write
000000000000ca10 000000000000012c t fsdevFindDevice
000000000000cb40 0000000000000190 t _fsdevMountDevice
000000000000ccd0 0000000000000214 t fsdev_getfspath
000000000000cef0 0000000000000070 t fsdev_rmdir
000000000000cf60 00000000000000d8 t fsdev_statvfs
000000000000d040 00000000000000c8 t fsdev_diropen
000000000000d110 0000000000000070 t fsdev_mkdir
000000000000d180 000000000000013c t fsdev_rename
000000000000d2c0 00000000000000cc t fsdev_chdir
000000000000d390 0000000000000070 t fsdev_unlink
000000000000d400 000000000000017c t fsdev_stat
000000000000d580 00000000000001b4 t fsdev_open
000000000000d740 00000000000000b8 t _fsdevUnmountDeviceStruct.part.4
000000000000d800 0000000000000010 t fsdev_fchmod
000000000000d810 0000000000000164 T fsdevMountSdmc
000000000000d980 0000000000000070 T fsdevUnmountAll
000000000000d9f0 0000000000000034 t ipcCloseObjectById
000000000000da30 0000000000000120 T fsInitialize
000000000000db50 00000000000000a0 T fsExit
000000000000dbf0 000000000000013c T fsMountSdcard
000000000000dd30 00000000000000f0 T fsFsCreateFile
000000000000de20 00000000000000f0 T fsFsDeleteFile
000000000000df10 00000000000000f0 T fsFsCreateDirectory
000000000000e000 00000000000000f0 T fsFsDeleteDirectory
000000000000e0f0 0000000000000118 T fsFsRenameFile
000000000000e210 0000000000000118 T fsFsRenameDirectory
000000000000e330 0000000000000100 T fsFsGetEntryType
000000000000e430 000000000000015c T fsFsOpenFile
000000000000e590 000000000000015c T fsFsOpenDirectory
000000000000e6f0 0000000000000100 T fsFsGetFreeSpace
000000000000e7f0 0000000000000100 T fsFsGetTotalSpace
000000000000e8f0 000000000000006c T fsFsClose
000000000000e960 0000000000000104 T fsFileRead
000000000000ea70 00000000000000f4 T fsFileWrite
000000000000eb70 00000000000000c4 T fsFileFlush
000000000000ec40 00000000000000c4 T fsFileSetSize
000000000000ed10 00000000000000ec T fsFileGetSize
000000000000ee00 000000000000006c T fsFileClose
000000000000ee70 000000000000006c T fsDirClose
000000000000eee0 0000000000000110 T fsDirRead
000000000000eff0 0000000000000034 t ipcCloseObjectById
000000000000f030 00000000000000d4 t _nvSetClientPID
000000000000f110 00000000000000c4 t ipcQueryPointerBufferSize.constprop.6
000000000000f1e0 00000000000000ec t _nvInitialize.constprop.5
000000000000f2d0 00000000000000b0 T nvExit
000000000000f380 0000000000000198 T nvInitialize
000000000000f520 0000000000000120 T nvConvertError
000000000000f640 0000000000000124 T nvOpen
000000000000f770 0000000000000240 T nvIoctl
000000000000f9b0 00000000000000d8 T nvClose
000000000000fa90 0000000000000144 T nvQueryEvent
000000000000fbe0 0000000000000034 t ipcCloseObjectById
000000000000fc20 000000000000012c t _apmGetSession.constprop.4
000000000000fd50 00000000000000f0 T apmExit
000000000000fe40 00000000000000a4 T apmInitialize
000000000000fef0 00000000000000cc T apmSetPerformanceConfiguration
000000000000ffc0 0000000000000034 t ipcCloseObjectById
0000000000010000 0000000000000144 t _viGetSession.constprop.6
0000000000010150 0000000000000130 t _viCreatestray_layer.isra.4
0000000000010280 0000000000000138 t _viOpenLayer
00000000000103c0 00000000000001d8 T viExit
00000000000105a0 000000000000029c T viInitialize
0000000000010840 000000000000000c T viGetSession_IHOSBinderDriverRelay
0000000000010850 0000000000000140 T viOpenDisplay
0000000000010990 00000000000000f4 T viCloseDisplay
0000000000010a90 00000000000000e0 T viOpenLayer
0000000000010b70 0000000000000104 T viCloseLayer
0000000000010c80 00000000000000e4 T viSetLayerScalingMode
0000000000010d70 0000000000000134 T viGetDisplayVsyncEvent
0000000000010eb0 0000000000000034 t ipcCloseObjectById
0000000000010ef0 000000000000013c t _timeGetSession
0000000000011030 00000000000001f0 T timeExit
0000000000011220 00000000000000e0 T timeInitialize
0000000000011300 0000000000000128 T timeGetCurrentTime
0000000000011430 000000000000003c t nvmapobjClose
0000000000011470 0000000000000070 t nvmapobjInitialize.part.0
00000000000114e0 0000000000000074 t nvmapobjSetup.constprop.2
0000000000011560 0000000000000bd4 T nvgfxInitialize
0000000000012140 000000000000012c T nvgfxExit
0000000000012270 0000000000000068 T nvgfxEventWait
00000000000122e0 0000000000000040 T nvgfxGetFramebuffer
0000000000012320 0000000000000028 T parcelInitialize
0000000000012350 00000000000001d0 T parcelTransact
0000000000012520 0000000000000088 T parcelWriteData
00000000000125b0 000000000000008c T parcelReadData
0000000000012640 0000000000000024 T parcelWriteInt32
0000000000012670 0000000000000024 T parcelWriteUInt32
00000000000126a0 0000000000000074 T parcelWriteString16
0000000000012720 0000000000000030 T parcelWriteInterfaceToken
0000000000012750 0000000000000024 T parcelReadInt32
0000000000012780 000000000000006c T parcelReadFlattenedObject
00000000000127f0 000000000000004c T parcelWriteFlattenedObject
0000000000012840 000000000000003c T nvioctlNvmap_Create
0000000000012880 000000000000003c T nvioctlNvmap_FromId
00000000000128c0 0000000000000030 T nvioctlNvmap_Alloc
00000000000128f0 000000000000003c T nvioctlNvmap_GetId
0000000000012930 0000000000000024 T nvioctlNvhostAsGpu_BindChannel
0000000000012960 0000000000000044 T nvioctlNvhostAsGpu_AllocSpace
00000000000129b0 0000000000000050 T nvioctlNvhostAsGpu_MapBufferEx
0000000000012a00 0000000000000064 T nvioctlNvhostAsGpu_GetVARegions
0000000000012a70 000000000000003c T nvioctlNvhostAsGpu_InitializeEx
0000000000012ab0 000000000000003c T nvioctlNvhostCtrlGpu_ZCullGetCtxSize
0000000000012af0 0000000000000054 T nvioctlNvhostCtrlGpu_ZCullGetInfo
0000000000012b50 0000000000000088 T nvioctlNvhostCtrlGpu_GetCharacteristics
0000000000012be0 000000000000005c T nvioctlNvhostCtrlGpu_GetTpcMasks
0000000000012c40 000000000000003c T nvioctlNvhostCtrlGpu_GetL2State
0000000000012c80 0000000000000040 T nvioctlNvhostCtrl_EventWait
0000000000012cc0 0000000000000024 T nvioctlChannel_SetNvmapFd
0000000000012cf0 0000000000000030 T nvioctlChannel_AllocObjCtx
0000000000012d20 0000000000000028 T nvioctlChannel_ZCullBind
0000000000012d50 0000000000000028 T nvioctlChannel_SetErrorNotifier
0000000000012d80 0000000000000024 T nvioctlChannel_SetPriority
0000000000012db0 0000000000000054 T nvioctlChannel_AllocGpfifoEx2
0000000000012e10 0000000000000024 T nvioctlChannel_SetUserData
0000000000012e40 0000000000000130 T decode_utf8
0000000000012f70 0000000000000008 t mutexInit
0000000000012f80 000000000000000c t rmutexInit
0000000000012f90 0000000000000090 T __libnx_gtod
0000000000013020 0000000000000034 t __libnx_get_reent
0000000000013060 00000000000000ec T newlibSetup
0000000000013150 00000000000000c8 T bsearch
0000000000013218 0000000000000014 T __errno
0000000000013230 000000000000018c T _fclose_r
00000000000133c0 0000000000000024 T fclose
00000000000133e8 0000000000000278 T __sflush_r
0000000000013660 00000000000000a4 T _fflush_r
0000000000013708 0000000000000040 T fflush
0000000000013748 0000000000000078 t std
00000000000137c0 000000000000000c T _cleanup_r
00000000000137d0 0000000000000060 T __sfmoreglue
0000000000013830 000000000000000c T __sfp_lock_acquire
0000000000013840 000000000000000c T __sfp_lock_release
0000000000013850 000000000000000c T __sinit_lock_acquire
0000000000013860 000000000000000c T __sinit_lock_release
0000000000013870 0000000000000080 T __sinit
00000000000138f0 0000000000000128 T __sfp
0000000000013a18 0000000000000044 T __libc_fini_array
0000000000013a60 0000000000000158 T _fopen_r
0000000000013bb8 000000000000002c T fopen
0000000000013be8 0000000000000090 T fprintf
0000000000013c78 000000000000011c T _malloc_trim_r
0000000000013d98 0000000000000314 T _free_r
00000000000140b0 0000000000000004 T _fseek_r
00000000000140b8 0000000000000504 T _fseeko_r
00000000000145c0 00000000000000bc T _fwalk
0000000000014680 00000000000000cc T _fwalk_reent
0000000000014750 000000000000008c T __libc_init_array
00000000000147e0 000000000000002c T __locale_mb_cur_max
0000000000014810 0000000000000008 T __locale_ctype_ptr_l
0000000000014818 000000000000002c T __locale_ctype_ptr
0000000000014848 00000000000000ac T __swhatbuf_r
00000000000148f8 0000000000000110 T __smakebuf_r
0000000000014a08 000000000000002c T memalign
0000000000014a38 00000000000001ac T _memalign_r
0000000000014be8 0000000000000024 T malloc
0000000000014c10 0000000000000024 T free
0000000000014c38 00000000000008b4 T _malloc_r
00000000000154f0 00000000000002d8 T __utf8_mbtowc
00000000000157c8 00000000000000d8 T memchr
00000000000158c0 000000000000016c T memcpy
0000000000015a40 00000000000001d8 T memset
0000000000015c18 000000000000000c T __malloc_lock
0000000000015c28 000000000000000c T __malloc_unlock
0000000000015c38 0000000000000090 T printf
0000000000015cc8 0000000000000024 t lflush
0000000000015cf0 00000000000001e8 T __srefill_r
0000000000015ed8 0000000000000270 T setvbuf
0000000000016148 00000000000000c8 T sscanf
0000000000016210 0000000000000050 T __sread
0000000000016260 0000000000000008 T __seofread
0000000000016268 0000000000000068 T __swrite
00000000000162d0 0000000000000054 T __sseek
0000000000016328 0000000000000008 T __sclose
0000000000016330 00000000000000dc T strchr
0000000000016440 00000000000000a4 T strcmp
00000000000164e8 0000000000000418 T _strerror_r
0000000000016900 000000000000002c T strerror
0000000000016940 0000000000000140 T strlen
0000000000016a80 0000000000000088 T strncat
0000000000016b5c 0000000000000108 T strncmp
0000000000016c68 00000000000000b4 T strncpy
0000000000016d64 00000000000000e0 T strnlen
0000000000016e20 00000000000001d8 t _strtol_l.isra.0
0000000000016ff8 0000000000000058 T _strtol_r
0000000000017050 00000000000001e0 t _strtoul_l.isra.0
0000000000017230 0000000000000058 T _strtoul_r
0000000000017288 000000000000005c T strtoul
00000000000172e4 000000000000005c t get_arg
0000000000017340 0000000000002f30 T __ssvfscanf_r
000000000001a270 0000000000000024 T close
000000000001a298 0000000000000008 T _user_strerror
000000000001a2a0 000000000000003c T __sprint_r
000000000001a2dc 0000000000000778 t get_arg
000000000001aa54 0000000000003bc0 T _vfprintf_r
000000000001e614 00000000000000f4 t __sbprintf
000000000001e708 0000000000000050 T _vsprintf_r
000000000001e758 0000000000000050 T vsprintf
000000000001e7a8 00000000000000dc T _wcrtomb_r
000000000001e888 0000000000000010 T _wcsrtombs_r
000000000001e898 00000000000000e8 T __utf8_wctomb
000000000001e980 000000000000013c T __swsetup_r
000000000001eac0 0000000000000170 T __call_exitprocs
000000000001ec30 00000000000001b0 t quorem
000000000001ede0 00000000000011c4 T _dtoa_r
000000000001ffa8 00000000000000b0 T __sflags
0000000000020058 00000000000004f4 T __sfvwrite_r
0000000000020550 0000000000000080 T iswspace
00000000000205d0 000000000000024c t __jp2uc
0000000000020820 00000000000000d0 T _jp2uc
00000000000208f0 0000000000000008 T __localeconv_l
00000000000208f8 0000000000000028 T _localeconv_r
0000000000020920 00000000000000f4 T _mbrtowc_r
0000000000020a40 00000000000000ac T memmove
0000000000020af0 00000000000000a4 T _Balloc
0000000000020b98 000000000000001c T _Bfree
0000000000020bb8 00000000000000e0 T __multadd
0000000000020c98 0000000000000120 T __s2b
0000000000020db8 000000000000005c T __hi0bits
0000000000020e18 00000000000000a8 T __lo0bits
0000000000020ec0 000000000000002c T __i2b
0000000000020ef0 00000000000001d8 T __multiply
00000000000210c8 0000000000000108 T __pow5mult
00000000000211d0 0000000000000144 T __lshift
0000000000021318 0000000000000054 T __mcmp
0000000000021370 0000000000000164 T __mdiff
00000000000214d8 0000000000000074 T __ulp
0000000000021550 0000000000000154 T __b2d
00000000000216a8 000000000000012c T __d2b
00000000000217d8 00000000000000a0 T __ratio
0000000000021878 0000000000000068 T __copybits
00000000000218e0 0000000000000088 T __any_on
0000000000021968 000000000000002c T realloc
0000000000021998 000000000000055c T _realloc_r
0000000000021ef8 00000000000000b4 T __sccl
0000000000021fb0 000000000000000c T nanf
0000000000021fc0 0000000000000094 T frexp
0000000000022058 00000000000000b0 T sprintf
0000000000022108 00000000000000c8 T stpncpy
00000000000221d0 0000000000001110 T _strtod_l
00000000000232e0 0000000000000050 T _strtod_r
0000000000023330 00000000000001d8 t _strtoll_l.isra.0
0000000000023508 0000000000000058 T _strtoll_r
0000000000023560 00000000000001e0 t _strtoull_l.isra.0
0000000000023740 0000000000000058 T _strtoull_r
0000000000023798 00000000000001c0 T __ssprint_r
0000000000023958 00000000000000f4 T _sungetc_r
0000000000023a4c 0000000000000070 T __ssrefill_r
0000000000023abc 00000000000000cc T _sfread_r
0000000000023b88 0000000000000778 t get_arg
0000000000024300 0000000000003afc T _svfprintf_r
0000000000027e00 00000000000000d8 T __submore
0000000000027ed8 00000000000001d4 T _wcsnrtombs_l
00000000000280b0 0000000000000074 T _wcsnrtombs_r
0000000000028128 0000000000000090 T _calloc_r
00000000000281b8 00000000000000f0 t rshift
00000000000282a8 00000000000007c0 T __gethex
0000000000028a68 0000000000000048 T __match
0000000000028ab0 0000000000000228 T __hexnan
0000000000028cd8 0000000000000008 t null_write
0000000000028ce0 0000000000000018 T setDefaultDevice
0000000000028cf8 0000000000000114 T FindDevice
0000000000028e10 0000000000000034 T RemoveDevice
0000000000028e48 00000000000000d8 T AddDevice
0000000000028f20 00000000000000b8 T _close_r
0000000000028fd8 0000000000000080 T _fstat_r
0000000000029058 0000000000000008 T _isatty_r
0000000000029060 0000000000000094 T _lseek_r
00000000000290f8 00000000000000fc T _open_r
00000000000291f8 0000000000000098 T _read_r
0000000000029290 000000000000007c T _sbrk_r
0000000000029310 0000000000000098 T _write_r
00000000000293a8 0000000000000024 T _exit
00000000000293d0 000000000000024c T _concatenate_path
0000000000029620 0000000000000198 T chdir
00000000000297b8 000000000000001c T __libc_lock_acquire
00000000000297d8 000000000000001c T __libc_lock_release
00000000000297f8 000000000000001c T __libc_lock_init_recursive
0000000000029818 000000000000001c T __libc_lock_acquire_recursive
0000000000029838 000000000000001c T __libc_lock_release_recursive
0000000000029858 000000000000001c T __libc_lock_close_recursive
0000000000029878 000000000000003c T __free_handle
00000000000298b8 000000000000005c T __release_handle
0000000000029918 00000000000000d8 T __alloc_handle
00000000000299f0 0000000000000020 T __get_handle
0000000000029a10 0000000000000028 T __getreent
0000000000029a38 0000000000000120 t __extenddftf2
0000000000029b58 000000000000035c t __trunctfdf2
0000000000029eb8 0000000000000070 t __sfp_handle_exceptions
0000000000029f28 0000000000000100 T strrchr
000000000002a028 T _fini
000000000002b238 0000000000000060 r colorTable
000000000002b318 0000000000000038 r g_defaultSocketInitConfig
000000000002b3b0 R default_font_bin
000000000002d3b0 R default_font_bin_end
000000000002d3b0 R default_font_bin_size
000000000002d3d0 0000000000000018 r error_table
000000000002de90 0000000000000022 r basefix.6273
000000000002e048 0000000000000010 r blanks.6247
000000000002e058 0000000000000010 r zeroes.6248
000000000002e068 0000000000000101 R _ctype_
000000000002e1c0 00000000000000bc r a1
000000000002e280 00000000000000bc r a2
000000000002e340 000000000000005b r a3
000000000002e3a0 0000000000000070 r a6
000000000002e410 00000000000000a2 r a7
000000000002e4b8 0000000000000040 r a8
000000000002e4f8 000000000000172a r b02cf
000000000002fc28 0000000000001a7c r d02f4
00000000000316a8 0000000000000028 R __mprec_bigtens
00000000000316d0 00000000000000c8 R __mprec_tens
0000000000031798 000000000000000c r p05.5022
00000000000317e8 0000000000000014 r fpi.5102
0000000000031800 0000000000000014 r fpinan.5138
0000000000031818 0000000000000028 r tinytens
0000000000031840 000000000000006c R __action_table
00000000000318b0 0000000000000100 R __chclass
00000000000319b0 000000000000006c R __state_table
0000000000031b68 0000000000000010 r blanks.6232
0000000000031b78 0000000000000010 r zeroes.6233
0000000000031b88 0000000000000100 R __hexdig
0000000000031c90 0000000000000003 R DIRECTORY_PARENT
0000000000031ca0 r __EH_FRAME_BEGIN__
0000000000031f74 r __FRAME_END__
0000000000031f78 a _DYNAMIC
0000000000035000 t __frame_dummy_init_array_entry
0000000000035000 T __init_array_start
0000000000035000 B __preinit_array_end
0000000000035000 B __preinit_array_start
0000000000035000 D __tdata_lma
0000000000035000 D __tdata_lma_end
0000000000035008 t __do_global_dtors_aux_fini_array_entry
0000000000035008 T __fini_array_start
0000000000035008 T __init_array_end
0000000000035010 T __fini_array_end
0000000000035010 T __got_start__
0000000000035010 a _GLOBAL_OFFSET_TABLE_
00000000000352a0 D __got_end__
00000000000352a0 0000000000000001 D HOMEBREW_LAUNCHER
00000000000352a4 0000000000000004 D menu
00000000000352a8 0000000000000001 d firstConsoleInit.5635
00000000000352b0 0000000000000008 D currentConsole
00000000000352b8 0000000000000068 D defaultConsole
0000000000035320 00000000000000d0 d dotab_stdout
00000000000353f0 00000000000000d0 d g_socketDevoptab
00000000000354c0 0000000000000008 d g_bsdClientPid
00000000000354c8 0000000000000001 V __nx_applet_auto_notifyrunning
00000000000354cc 0000000000000004 V __nx_applet_type
00000000000354d0 0000000000000004 d g_gfxMode
00000000000354d8 0000000000000054 d g_gfxQueueBufferData
0000000000035530 000000000000016c d g_gfx_BufferInitData
000000000003569c 0000000000000001 D g_gfx_drawflip
00000000000356a0 0000000000000023 d g_bufferProducer_InterfaceDescriptor
00000000000356c8 0000000000000401 d __cwd
0000000000035acc 0000000000000004 d fsdev_fsdevice_cwd
0000000000035ad0 0000000000000004 d fsdev_fsdevice_default
0000000000035ad8 00000000000000d0 d fsdev_devoptab
0000000000035ba8 0000000000000004 d g_nvServiceType
0000000000035bac 0000000000000004 d g_viServiceType
0000000000035bb0 0000000000000004 V __nx_time_type
0000000000035bb8 0000000000000008 D _impure_ptr
0000000000035bc0 0000000000000768 d impure_data
0000000000036328 0000000000000008 D _global_impure_ptr
0000000000036330 00000000000001a8 D __global_locale
00000000000364d8 0000000000000008 D __malloc_sbrk_base
00000000000364e0 0000000000000008 D __malloc_trim_threshold
00000000000364e8 0000000000000810 D __malloc_av_
0000000000036cf8 0000000000000004 d defaultDevice
0000000000036d00 0000000000000080 D devoptab_list
0000000000036d80 00000000000000d0 D dotab_stdnull
0000000000036e50 0000000000000400 d _current_working_directory
0000000000037250 0000000000000010 d __stderr_handle
0000000000037260 0000000000000010 d __stdin_handle
0000000000037270 0000000000000010 d __stdout_handle
0000000000037280 0000000000002000 d handles
0000000000039280 D __bss_start__
0000000000039280 D __TMC_END__
0000000000039280 b completed.5082
0000000000039288 b object.5087
00000000000392b8 0000000000000004 b usb_interface
00000000000392bc 0000000000000004 B sock
00000000000392c0 0000000000000004 B connectionType
00000000000392c8 0000000000000800 b handleCommand()::pids
0000000000039ac8 0000000000000020 b main::conn_thread
0000000000039ae8 0000000000001000 b handleCommand()::page
000000000003aae8 0000000000000010 b g_AddressSpace
000000000003aaf8 0000000000000008 b g_CurrentAddr
000000000003ab00 0000000000000008 b g_CurrentMapAddr
000000000003ab08 0000000000000030 b g_Region
000000000003ab38 0000000000000004 b g_VirtMemMutex
000000000003ab3c 0000000000000001 b g_HasCached
000000000003ab3d 0000000000000001 b g_IsAbove200
000000000003ab3e 0000000000000001 b g_IsAbove300
000000000003ab3f 0000000000000001 b g_IsAbove400
000000000003ab40 0000000000000001 b g_IsAbove500
000000000003ab44 0000000000000004 b g_Mutex
000000000003ab48 0000000000000001 b g_usbCommsInitialized
000000000003ab50 0000000000000240 b g_usbCommsInterfaces
000000000003ad90 0000000000000020 b g_usbCommsLock
000000000003adb0 0000000000000018 b g_sfdnsresConfig
000000000003adc8 0000000000000008 b g_pmdmntRefCnt
000000000003add0 000000000000000c b g_pmdmntSrv
000000000003ade0 000000000000000c b g_bsdMonitor
000000000003adf0 000000000000000c b g_bsdSrv
000000000003ae00 0000000000000008 b g_bsdSrvIpcBufferSize
000000000003ae08 0000000000000028 b g_bsdTmem
000000000003ae30 0000000000000008 b g_refCnt
000000000003ae38 0000000000000004 b g_smHandle
000000000003ae40 0000000000000200 b g_smOverrides
000000000003b040 0000000000000008 b g_smOverridesNum
000000000003b048 0000000000000960 b g_usbDsEndpointTable
000000000003b9a8 0000000000000080 b g_usbDsInterfaceTable
000000000003ba28 000000000000000c b g_usbDsSrv
000000000003ba34 0000000000000004 b g_usbDsStateChangeEvent
000000000003ba38 0000000000000050 b g_controllerDown
000000000003ba88 00000000000001e0 b g_controllerEntries
000000000003bc68 0000000000000190 b g_controllerHeaders
000000000003bdf8 0000000000000050 b g_controllerHeld
000000000003be48 0000000000000028 b g_controllerLayout
000000000003be70 0000000000000050 b g_controllerOld
000000000003bec0 0000000000000004 b g_controllerP1AutoID
000000000003bec8 0000000000000050 b g_controllerTimestamps
000000000003bf18 0000000000000050 b g_controllerUp
000000000003bf68 000000000000000c b g_hidIAppletResource
000000000003bf78 0000000000000020 b g_hidLock
000000000003bf98 0000000000000020 b g_hidSharedmem
000000000003bfb8 000000000000000c b g_hidSrv
000000000003bfc8 0000000000000020 b g_keyboardDown
000000000003bfe8 0000000000000038 b g_keyboardEntry
000000000003c020 0000000000000020 b g_keyboardHeld
000000000003c040 0000000000000008 b g_keyboardModDown
000000000003c048 0000000000000008 b g_keyboardModHeld
000000000003c050 0000000000000008 b g_keyboardModOld
000000000003c058 0000000000000008 b g_keyboardModUp
000000000003c060 0000000000000020 b g_keyboardOld
000000000003c080 0000000000000008 b g_keyboardTimestamp
000000000003c088 0000000000000020 b g_keyboardUp
000000000003c0a8 0000000000000008 b g_mouseDown
000000000003c0b0 0000000000000030 b g_mouseEntry
000000000003c0e0 0000000000000008 b g_mouseHeld
000000000003c0e8 0000000000000008 b g_mouseOld
000000000003c0f0 0000000000000008 b g_mouseTimestamp
000000000003c0f8 0000000000000008 b g_mouseUp
000000000003c100 0000000000000008 b g_refCnt
000000000003c108 0000000000000298 b g_touchEntry
000000000003c3a0 0000000000000008 b g_touchTimestamp
000000000003c3a8 0000000000000008 V __nx_applet_PerformanceConfiguration
000000000003c3b0 0000000000000018 b g_appletFirstHook
000000000003c3c8 0000000000000001 b g_appletFocusState
000000000003c3d0 000000000000000c b g_appletIAudioController
000000000003c3e0 000000000000000c b g_appletICommonStateGetter
000000000003c3f0 000000000000000c b g_appletIDebugFunctions
000000000003c400 000000000000000c b g_appletIDisplayController
000000000003c410 000000000000000c b g_appletIFunctions
000000000003c420 000000000000000c b g_appletILibraryAppletCreator
000000000003c430 000000000000000c b g_appletILibraryAppletSelfAccessor
000000000003c440 000000000000000c b g_appletIProcessWindingController
000000000003c450 000000000000000c b g_appletISelfController
000000000003c460 000000000000000c b g_appletIWindowController
000000000003c46c 0000000000000004 b g_appletMessageEventHandle
000000000003c470 0000000000000001 b g_appletNotifiedRunning
000000000003c471 0000000000000001 b g_appletOperationMode
000000000003c474 0000000000000004 b g_appletPerformanceMode
000000000003c478 000000000000000c b g_appletProxySession
000000000003c488 0000000000000008 b g_appletResourceUserId
000000000003c490 000000000000000c b g_appletSrv
000000000003c4a0 0000000000000008 b g_refCnt
000000000003c4a8 0000000000000020 b g_gfxBinderSession
000000000003c4c8 0000000000000004 b g_gfxCurrentBuffer
000000000003c4cc 0000000000000004 b g_gfxCurrentProducerBuffer
000000000003c4d0 0000000000000050 b g_gfxDisplay
000000000003c520 0000000000000004 b g_gfxDisplayVsyncEvent
000000000003c528 0000000000000008 b g_gfxFramebuf
000000000003c530 0000000000000008 b g_gfxFramebufLinear
000000000003c538 0000000000000008 b g_gfxFramebufSize
000000000003c540 0000000000000001 b g_gfxInitialized
000000000003c548 0000000000000010 b g_gfxLayer
000000000003c558 0000000000000100 b g_gfxNativeWindow
000000000003c658 0000000000000004 b g_gfxNativeWindow_ID
000000000003c660 0000000000000008 b g_gfxNativeWindow_Size
000000000003c668 0000000000000010 b g_gfx_Connect_QueueBufferOutput
000000000003c678 0000000000000024 b g_gfx_DequeueBuffer_fence
000000000003c69c 0000000000000001 b g_gfx_ProducerConnected
000000000003c6a0 0000000000000002 b g_gfx_ProducerSlotsRequested
000000000003c6a8 0000000000000010 b g_gfx_QueueBuffer_QueueBufferOutput
000000000003c6b8 0000000000000018 b g_gfx_autoresolution_applethookcookie
000000000003c6d0 0000000000000004 b g_gfx_autoresolution_docked_height
000000000003c6d4 0000000000000004 b g_gfx_autoresolution_docked_width
000000000003c6d8 0000000000000001 b g_gfx_autoresolution_enabled
000000000003c6dc 0000000000000004 b g_gfx_autoresolution_handheld_height
000000000003c6e0 0000000000000004 b g_gfx_autoresolution_handheld_width
000000000003c6e8 0000000000000008 B g_gfx_framebuf_aligned_height
000000000003c6f0 0000000000000008 B g_gfx_framebuf_aligned_width
000000000003c6f8 0000000000000008 B g_gfx_framebuf_display_height
000000000003c700 0000000000000008 B g_gfx_framebuf_display_width
000000000003c708 0000000000000008 B g_gfx_framebuf_height
000000000003c710 0000000000000008 B g_gfx_framebuf_width
000000000003c718 0000000000000008 B g_gfx_singleframebuf_linear_size
000000000003c720 0000000000000008 B g_gfx_singleframebuf_size
000000000003c728 0000000000000008 b g_bufferProducerBinderSession
000000000003c730 0000000000000008 b g_argv_empty
000000000003c738 0000000000000001 b g_isNso
000000000003c73c 0000000000000004 b g_lastLoadResult
000000000003c740 0000000000000008 b g_loaderRetAddr
000000000003c748 0000000000000004 b g_mainThreadHandle
000000000003c750 0000000000000008 b g_nextLoadArgv
000000000003c758 0000000000000008 b g_nextLoadPath
000000000003c760 0000000000000008 b g_overrideArgv
000000000003c768 0000000000000008 b g_overrideHeapAddr
000000000003c770 0000000000000008 b g_overrideHeapSize
000000000003c778 0000000000000004 b g_processHandle
000000000003c780 0000000000000010 b g_syscallHints
000000000003c790 0000000000000008 V __nx_heap_size
000000000003c798 0000000000002100 b fsdev_fsdevices
000000000003e898 0000000000000001 b fsdev_initialised
000000000003e8a0 000000000000000c b g_fsSrv
000000000003e8b0 0000000000000008 b g_refCnt
000000000003e8b8 0000000000000008 b g_nvIpcBufferSize
000000000003e8c0 000000000000000c b g_nvSrv
000000000003e8d0 0000000000000028 b g_nvTransfermem
000000000003e8f8 000000000000000c b g_apmISession
000000000003e908 000000000000000c b g_apmSrv
000000000003e918 0000000000000008 b g_refCnt
000000000003e920 000000000000000c b g_viIApplicationDisplayService
000000000003e930 000000000000000c b g_viIHOSBinderDriverIndirect
000000000003e940 000000000000000c b g_viIHOSBinderDriverRelay
000000000003e950 000000000000000c b g_viIManagerDisplayService
000000000003e960 000000000000000c b g_viISystemDisplayService
000000000003e970 000000000000000c b g_viSrv
000000000003e980 0000000000000008 b g_refCnt
000000000003e988 000000000000000c b g_timeLocalSystemClock
000000000003e998 000000000000000c b g_timeNetworkSystemClock
000000000003e9a8 000000000000000c b g_timeSrv
000000000003e9b8 000000000000000c b g_timeTimeZoneService
000000000003e9c8 000000000000000c b g_timeUserSystemClock
000000000003e9d4 0000000000000001 b g_nvgfxInitialized
000000000003e9d8 0000000000000004 b g_nvgfx_fd_nvhostasgpu
000000000003e9dc 0000000000000004 b g_nvgfx_fd_nvhostctrl
000000000003e9e0 0000000000000004 b g_nvgfx_fd_nvhostctrlgpu
000000000003e9e4 0000000000000004 b g_nvgfx_fd_nvhostgpu
000000000003e9e8 0000000000000004 b g_nvgfx_fd_nvmap
000000000003e9f0 0000000000000008 b g_nvgfx_gpfifo_pos
000000000003e9f8 00000000000000a0 b g_nvgfx_gpu_characteristics
000000000003ea98 0000000000000008 b g_nvgfx_l2state
000000000003eaa0 0000000000000008 b g_nvgfx_nvhost_fence
000000000003eaa8 0000000000000008 b g_nvgfx_nvhost_userdata
000000000003eab0 0000000000000008 b g_nvgfx_nvhost_userdata_size
000000000003eab8 0000000000000008 b g_nvgfx_nvhostasgpu_allocspace_offset
000000000003eac0 0000000000000030 b g_nvgfx_nvhostasgpu_varegions
000000000003eaf0 0000000000000004 b g_nvgfx_nvhostctrl_eventhandle
000000000003eaf4 0000000000000004 b g_nvgfx_nvhostctrl_eventres
000000000003eaf8 0000000000000004 b g_nvgfx_nvhostctrlgpu_event2
000000000003eafc 0000000000000004 b g_nvgfx_nvhostgpu_event3
000000000003eb00 0000000000000004 B g_nvgfx_totalframebufs
000000000003eb08 0000000000000018 b g_nvgfx_tpcmasks
000000000003eb20 0000000000000004 b g_nvgfx_zcullctxsize
000000000003eb28 0000000000000028 b g_nvgfx_zcullinfo
000000000003eb50 0000000000000008 b nvmap_obj3_mapbuffer_x0_offset
000000000003eb58 0000000000000008 b nvmap_obj4_mapbuffer_x0_offset
000000000003eb60 0000000000000008 b nvmap_obj6_mapbuffer_xdb_offset
000000000003eb68 00000000000001b0 b nvmap_objs
000000000003ed18 000000000000000c b __sfp_recursive_mutex
000000000003ed28 000000000000000c b __sinit_recursive_mutex
000000000003ed38 0000000000000028 B __malloc_current_mallinfo
000000000003ed60 0000000000000008 B __malloc_max_sbrked_mem
000000000003ed68 0000000000000008 B __malloc_max_total_mem
000000000003ed70 0000000000000008 B __malloc_top_pad
000000000003ed78 000000000000000c b __malloc_recursive_mutex
000000000003ed88 000000000000000c B __atexit_recursive_mutex
000000000003ed98 0000000000000008 b heap_start.4990
000000000003eda0 0000000000000008 B fake_heap_end
000000000003eda8 0000000000000008 B fake_heap_start
000000000003edb0 0000000000000400 b temp_cwd
000000000003f1b0 0000000000000088 B __syscalls
000000000003f238 0000000000000004 b __hndl_lock
000000000003f240 0000000000000068 B currentCopy
000000000003f2a8 0000000000000008 B __system_argv
000000000003f2b0 0000000000000004 B __system_argc
000000000003f2b8 0000000000000004 B __nxlink_host
000000000003f2c0 0000000000000008 B __stack_top
000000000003f2c8 0000000000000008 B g_nvgfx_nvhostgpu_gpfifo_fence
000000000003f2d0 B __tls_start
00000000000436e8 B __bss_end__
00000000000436e8 A __end__
00000000000436e8 B __tls_end
0000000000044000 A __argdata__
